<?xml version="1.0" encoding="UTF-8"?>
<testng-results skipped="0" failed="0" ignored="0" total="1" passed="1">
  <reporter-output>
  </reporter-output>
  <suite name="Suite" duration-ms="28361" started-at="2019-11-26T12:01:59 PKT" finished-at="2019-11-26T12:02:27 PKT">
    <groups>
    </groups>
    <test name="Test" duration-ms="28361" started-at="2019-11-26T12:01:59 PKT" finished-at="2019-11-26T12:02:27 PKT">
      <class name="apidemospackage.mixed">
        <test-method status="PASS" signature="tc_one()[pri:0, instance:apidemospackage.mixed@2b6faea6]" name="tc_one" duration-ms="28237" started-at="2019-11-26T12:01:59 PKT" finished-at="2019-11-26T12:02:27 PKT">
          <reporter-output>
          </reporter-output>
        </test-method> <!-- tc_one -->
      </class> <!-- apidemospackage.mixed -->
    </test> <!-- Test -->
  </suite> <!-- Suite -->
</testng-results>
